<!DOCTYPE html>
<html>
<head>
    <title>Unittest Results</title>
    <meta charset="utf-8">
    <meta name="viewport" content="width=device-width, initial-scale=1.0">
    <link rel="stylesheet" href="https://maxcdn.bootstrapcdn.com/bootstrap/3.3.6/css/bootstrap.min.css" integrity="sha384-1q8mTJOASx8j1Au+a5WDVnPi2lkFfwwEAa8hDDdjZlpLegxhjVME1fgjWPGmkzs7" crossorigin="anonymous">
</head>
<body>
    <div class="container">
        <div class="row">
            <div class="col-xs-12">
                <h2 class="text-capitalize">Unittest Results</h2>
                <p class='attribute'><strong>Start Time: </strong>2024-11-06 19:52:06</p>
                <p class='attribute'><strong>Duration: </strong>67.57 s</p>
                <p class='attribute'><strong>Summary: </strong>Total: 6, Pass: 0, Error: 6</p>
            </div>
        </div>
        <div class="row">
            <div class="col-xs-12 col-sm-10 col-md-10">
                <table class='table table-hover table-responsive'>
                    <thead>
                        <tr>
                            <th>__main__.WebTesting</th>
                            <th>Status</th>
                            <th></th>
                        </tr>
                    </thead>
                    <tbody>
                        <tr class='warning'>
                            <td class="col-xs-10">test_create_admin</td>
                            <td class="col-xs-1">
                                <span class="label label-warning" style="display:block;width:40px;">Error</span>
                            </td>
                            <td class="col-xs-1">
                                <button class="btn btn-default btn-xs">View</button>
                            </td>
                        </tr>
                        <tr style="display:none;">
                            <td class="col-xs-9" colspan="3"><p style="color:maroon;">TypeError: WebTesting.test_create_admin() missing 1 required positional argument: 'phone_admin'</p><p style="color:maroon;">TypeError: WebTesting.test_create_admin() missing 1 required positional argument: 'phone_admin'
</p>
                            </td>
                        </tr>
                        <tr class='warning'>
                            <td class="col-xs-10">test_create_product</td>
                            <td class="col-xs-1">
                                <span class="label label-warning" style="display:block;width:40px;">Error</span>
                            </td>
                            <td class="col-xs-1">
                                <button class="btn btn-default btn-xs">View</button>
                            </td>
                        </tr>
                        <tr style="display:none;">
                            <td class="col-xs-9" colspan="3"><p style="color:maroon;">TimeoutException: Message: 
Stacktrace:
	GetHandleVerifier [0x00A3EBD3+24307]
	(No symbol) [0x009C8D74]
	(No symbol) [0x008AC323]
	(No symbol) [0x008EDC86]
	(No symbol) [0x008EDECB]
	(No symbol) [0x0092B9F2]
	(No symbol) [0x0090FED4]
	(No symbol) [0x00929579]
	(No symbol) [0x0090FC26]
	(No symbol) [0x008E219C]
	(No symbol) [0x008E311D]
	GetHandleVerifier [0x00CE8D93+2818227]
	GetHandleVerifier [0x00D4542E+3196750]
	GetHandleVerifier [0x00D3D9D2+3165426]
	GetHandleVerifier [0x00ADDA70+675216]
	(No symbol) [0x009D1B3D]
	(No symbol) [0x009CEA18]
	(No symbol) [0x009CEBB5]
	(No symbol) [0x009C1640]
	BaseThreadInitThunk [0x76687BA9+25]
	RtlInitializeExceptionChain [0x77A3C0CB+107]
	RtlClearBits [0x77A3C04F+191]
</p><p style="color:maroon;">Traceback (most recent call last):
  File "C:\Users\75890424\AppData\Local\Temp\ipykernel_23560\3640421230.py", line 42, in test_create_product
    link_products = WebDriverWait(self.driver, 10).until(
                    ^^^^^^^^^^^^^^^^^^^^^^^^^^^^^^^^^^^^^
  File "c:\Users\75890424\Documents\Universidad-NUR\8vo Semestre\Taller V\Proyectos\Casos-de-prueba\venv\Lib\site-packages\selenium\webdriver\support\wait.py", line 105, in until
    raise TimeoutException(message, screen, stacktrace)
selenium.common.exceptions.TimeoutException: Message: 
Stacktrace:
	GetHandleVerifier [0x00A3EBD3+24307]
	(No symbol) [0x009C8D74]
	(No symbol) [0x008AC323]
	(No symbol) [0x008EDC86]
	(No symbol) [0x008EDECB]
	(No symbol) [0x0092B9F2]
	(No symbol) [0x0090FED4]
	(No symbol) [0x00929579]
	(No symbol) [0x0090FC26]
	(No symbol) [0x008E219C]
	(No symbol) [0x008E311D]
	GetHandleVerifier [0x00CE8D93+2818227]
	GetHandleVerifier [0x00D4542E+3196750]
	GetHandleVerifier [0x00D3D9D2+3165426]
	GetHandleVerifier [0x00ADDA70+675216]
	(No symbol) [0x009D1B3D]
	(No symbol) [0x009CEA18]
	(No symbol) [0x009CEBB5]
	(No symbol) [0x009C1640]
	BaseThreadInitThunk [0x76687BA9+25]
	RtlInitializeExceptionChain [0x77A3C0CB+107]
	RtlClearBits [0x77A3C04F+191]

</p>
                            </td>
                        </tr>
                        <tr class='warning'>
                            <td class="col-xs-10">test_delete_admin</td>
                            <td class="col-xs-1">
                                <span class="label label-warning" style="display:block;width:40px;">Error</span>
                            </td>
                            <td class="col-xs-1">
                                <button class="btn btn-default btn-xs">View</button>
                            </td>
                        </tr>
                        <tr style="display:none;">
                            <td class="col-xs-9" colspan="3"><p style="color:maroon;">TypeError: WebTesting.test_delete_admin() missing 1 required positional argument: 'phone_admin'</p><p style="color:maroon;">TypeError: WebTesting.test_delete_admin() missing 1 required positional argument: 'phone_admin'
</p>
                            </td>
                        </tr>
                        <tr class='warning'>
                            <td class="col-xs-10">test_delete_product</td>
                            <td class="col-xs-1">
                                <span class="label label-warning" style="display:block;width:40px;">Error</span>
                            </td>
                            <td class="col-xs-1">
                                <button class="btn btn-default btn-xs">View</button>
                            </td>
                        </tr>
                        <tr style="display:none;">
                            <td class="col-xs-9" colspan="3"><p style="color:maroon;">TimeoutException: Message: 
Stacktrace:
	GetHandleVerifier [0x00A3EBD3+24307]
	(No symbol) [0x009C8D74]
	(No symbol) [0x008AC323]
	(No symbol) [0x008EDC86]
	(No symbol) [0x008EDECB]
	(No symbol) [0x0092B9F2]
	(No symbol) [0x0090FED4]
	(No symbol) [0x00929579]
	(No symbol) [0x0090FC26]
	(No symbol) [0x008E219C]
	(No symbol) [0x008E311D]
	GetHandleVerifier [0x00CE8D93+2818227]
	GetHandleVerifier [0x00D4542E+3196750]
	GetHandleVerifier [0x00D3D9D2+3165426]
	GetHandleVerifier [0x00ADDA70+675216]
	(No symbol) [0x009D1B3D]
	(No symbol) [0x009CEA18]
	(No symbol) [0x009CEBB5]
	(No symbol) [0x009C1640]
	BaseThreadInitThunk [0x76687BA9+25]
	RtlInitializeExceptionChain [0x77A3C0CB+107]
	RtlClearBits [0x77A3C04F+191]
</p><p style="color:maroon;">Traceback (most recent call last):
  File "C:\Users\75890424\AppData\Local\Temp\ipykernel_23560\3640421230.py", line 127, in test_delete_product
    btn_delete_product = WebDriverWait(self.driver, 10).until(
                         ^^^^^^^^^^^^^^^^^^^^^^^^^^^^^^^^^^^^^
  File "c:\Users\75890424\Documents\Universidad-NUR\8vo Semestre\Taller V\Proyectos\Casos-de-prueba\venv\Lib\site-packages\selenium\webdriver\support\wait.py", line 105, in until
    raise TimeoutException(message, screen, stacktrace)
selenium.common.exceptions.TimeoutException: Message: 
Stacktrace:
	GetHandleVerifier [0x00A3EBD3+24307]
	(No symbol) [0x009C8D74]
	(No symbol) [0x008AC323]
	(No symbol) [0x008EDC86]
	(No symbol) [0x008EDECB]
	(No symbol) [0x0092B9F2]
	(No symbol) [0x0090FED4]
	(No symbol) [0x00929579]
	(No symbol) [0x0090FC26]
	(No symbol) [0x008E219C]
	(No symbol) [0x008E311D]
	GetHandleVerifier [0x00CE8D93+2818227]
	GetHandleVerifier [0x00D4542E+3196750]
	GetHandleVerifier [0x00D3D9D2+3165426]
	GetHandleVerifier [0x00ADDA70+675216]
	(No symbol) [0x009D1B3D]
	(No symbol) [0x009CEA18]
	(No symbol) [0x009CEBB5]
	(No symbol) [0x009C1640]
	BaseThreadInitThunk [0x76687BA9+25]
	RtlInitializeExceptionChain [0x77A3C0CB+107]
	RtlClearBits [0x77A3C04F+191]

</p>
                            </td>
                        </tr>
                        <tr class='warning'>
                            <td class="col-xs-10">test_update_admin</td>
                            <td class="col-xs-1">
                                <span class="label label-warning" style="display:block;width:40px;">Error</span>
                            </td>
                            <td class="col-xs-1">
                                <button class="btn btn-default btn-xs">View</button>
                            </td>
                        </tr>
                        <tr style="display:none;">
                            <td class="col-xs-9" colspan="3"><p style="color:maroon;">TypeError: WebTesting.test_update_admin() missing 1 required positional argument: 'phone_admin'</p><p style="color:maroon;">TypeError: WebTesting.test_update_admin() missing 1 required positional argument: 'phone_admin'
</p>
                            </td>
                        </tr>
                        <tr class='warning'>
                            <td class="col-xs-10">test_update_product</td>
                            <td class="col-xs-1">
                                <span class="label label-warning" style="display:block;width:40px;">Error</span>
                            </td>
                            <td class="col-xs-1">
                                <button class="btn btn-default btn-xs">View</button>
                            </td>
                        </tr>
                        <tr style="display:none;">
                            <td class="col-xs-9" colspan="3"><p style="color:maroon;">TimeoutException: Message: 
Stacktrace:
	GetHandleVerifier [0x00A3EBD3+24307]
	(No symbol) [0x009C8D74]
	(No symbol) [0x008AC323]
	(No symbol) [0x008EDC86]
	(No symbol) [0x008EDECB]
	(No symbol) [0x0092B9F2]
	(No symbol) [0x0090FED4]
	(No symbol) [0x00929579]
	(No symbol) [0x0090FC26]
	(No symbol) [0x008E219C]
	(No symbol) [0x008E311D]
	GetHandleVerifier [0x00CE8D93+2818227]
	GetHandleVerifier [0x00D4542E+3196750]
	GetHandleVerifier [0x00D3D9D2+3165426]
	GetHandleVerifier [0x00ADDA70+675216]
	(No symbol) [0x009D1B3D]
	(No symbol) [0x009CEA18]
	(No symbol) [0x009CEBB5]
	(No symbol) [0x009C1640]
	BaseThreadInitThunk [0x76687BA9+25]
	RtlInitializeExceptionChain [0x77A3C0CB+107]
	RtlClearBits [0x77A3C04F+191]
</p><p style="color:maroon;">Traceback (most recent call last):
  File "C:\Users\75890424\AppData\Local\Temp\ipykernel_23560\3640421230.py", line 83, in test_update_product
    btn_edit_product = WebDriverWait(self.driver, 10).until(
                       ^^^^^^^^^^^^^^^^^^^^^^^^^^^^^^^^^^^^^
  File "c:\Users\75890424\Documents\Universidad-NUR\8vo Semestre\Taller V\Proyectos\Casos-de-prueba\venv\Lib\site-packages\selenium\webdriver\support\wait.py", line 105, in until
    raise TimeoutException(message, screen, stacktrace)
selenium.common.exceptions.TimeoutException: Message: 
Stacktrace:
	GetHandleVerifier [0x00A3EBD3+24307]
	(No symbol) [0x009C8D74]
	(No symbol) [0x008AC323]
	(No symbol) [0x008EDC86]
	(No symbol) [0x008EDECB]
	(No symbol) [0x0092B9F2]
	(No symbol) [0x0090FED4]
	(No symbol) [0x00929579]
	(No symbol) [0x0090FC26]
	(No symbol) [0x008E219C]
	(No symbol) [0x008E311D]
	GetHandleVerifier [0x00CE8D93+2818227]
	GetHandleVerifier [0x00D4542E+3196750]
	GetHandleVerifier [0x00D3D9D2+3165426]
	GetHandleVerifier [0x00ADDA70+675216]
	(No symbol) [0x009D1B3D]
	(No symbol) [0x009CEA18]
	(No symbol) [0x009CEBB5]
	(No symbol) [0x009C1640]
	BaseThreadInitThunk [0x76687BA9+25]
	RtlInitializeExceptionChain [0x77A3C0CB+107]
	RtlClearBits [0x77A3C04F+191]

</p>
                            </td>
                        </tr>
                        <tr>
                            <td colspan="3">
                                Total: 6, Pass: 0, Error: 6 -- Duration: 67.57 s
                            </td>
                        </tr>
                    </tbody>
                </table>
            </div>
        </div>
    </div>
    <script src="https://ajax.googleapis.com/ajax/libs/jquery/2.2.4/jquery.min.js"></script>
    <script type="text/javascript">
        $(document).ready(function(){
            $('td').on('click', '.btn', function(e){
                e.preventDefault();
                e.stopImmediatePropagation();
                var $this = $(this);
                var $nextRow = $this.closest('tr').next('tr');
                $nextRow.slideToggle("fast");
                $this.text(function(i, text){
                    if (text === 'View') {
                        return 'Hide';
                    } else {
                        return 'View';
                    };
                });
            });
        });
    </script>
</body>
</html